f:\egyetem\6.felev\önlabor\onlabcpu\cliwrapper\x64\debug\cliwrapper.pch
f:\egyetem\6.felev\önlabor\onlabcpu\cliwrapper\x64\debug\vc142.pdb
f:\egyetem\6.felev\önlabor\onlabcpu\cliwrapper\x64\debug\pch.obj
f:\egyetem\6.felev\önlabor\onlabcpu\cliwrapper\x64\debug\cliwrapper.obj
f:\egyetem\6.felev\önlabor\onlabcpu\cliwrapper\x64\debug\assemblyinfo.obj
f:\egyetem\6.felev\önlabor\onlabcpu\cliwrapper\x64\debug\.netframework,version=v4.7.2.assemblyattributes.obj
f:\egyetem\6.felev\önlabor\onlabcpu\cliwrapper\x64\debug\.netframework,version=v4.7.2.assemblyattributes.asm
f:\egyetem\6.felev\önlabor\onlabcpu\cliwrapper\x64\debug\app.res
f:\egyetem\6.felev\önlabor\onlabcpu\x64\debug\cliwrapper.pdb
f:\egyetem\6.felev\önlabor\onlabcpu\cliwrapper\x64\debug\cliwrapper.tlog\metagen.write.1.tlog
f:\egyetem\6.felev\önlabor\onlabcpu\cliwrapper\x64\debug\cliwrapper.tlog\cl.read.1.tlog
f:\egyetem\6.felev\önlabor\onlabcpu\cliwrapper\x64\debug\cliwrapper.tlog\cl.write.1.tlog
f:\egyetem\6.felev\önlabor\onlabcpu\cliwrapper\x64\debug\cliwrapper.tlog\cl.command.1.tlog
f:\egyetem\6.felev\önlabor\onlabcpu\cliwrapper\x64\debug\cliwrapper.tlog\metagen.read.1.tlog
f:\egyetem\6.felev\önlabor\onlabcpu\cliwrapper\x64\debug\cliwrapper.tlog\rc.read.1.tlog
f:\egyetem\6.felev\önlabor\onlabcpu\cliwrapper\x64\debug\cliwrapper.tlog\rc.write.1.tlog
f:\egyetem\6.felev\önlabor\onlabcpu\cliwrapper\x64\debug\cliwrapper.tlog\rc.command.1.tlog
f:\egyetem\6.felev\önlabor\onlabcpu\cliwrapper\x64\debug\cliwrapper.tlog\link.5888-rc.read.1.tlog
f:\egyetem\6.felev\önlabor\onlabcpu\cliwrapper\x64\debug\cliwrapper.tlog\link.5888-rc.write.1.tlog
f:\egyetem\6.felev\önlabor\onlabcpu\cliwrapper\x64\debug\cliwrapper.tlog\link.5888-cvtres.read.1.tlog
f:\egyetem\6.felev\önlabor\onlabcpu\cliwrapper\x64\debug\cliwrapper.tlog\link.5888-cvtres.write.1.tlog
f:\egyetem\6.felev\önlabor\onlabcpu\cliwrapper\x64\debug\cliwrapper.tlog\link.5888.read.1.tlog
f:\egyetem\6.felev\önlabor\onlabcpu\cliwrapper\x64\debug\cliwrapper.tlog\link.5888.write.1.tlog
f:\egyetem\6.felev\önlabor\onlabcpu\cliwrapper\x64\debug\cliwrapper.tlog\link.read.1.tlog
f:\egyetem\6.felev\önlabor\onlabcpu\cliwrapper\x64\debug\cliwrapper.tlog\link.write.1.tlog
f:\egyetem\6.felev\önlabor\onlabcpu\cliwrapper\x64\debug\cliwrapper.tlog\link.command.1.tlog
f:\egyetem\6.felev\önlabor\onlabcpu\cliwrapper\x64\debug\cliwrapper.tlog\link.5228-rc.read.1.tlog
f:\egyetem\6.felev\önlabor\onlabcpu\cliwrapper\x64\debug\cliwrapper.tlog\link.5228-rc.write.1.tlog
f:\egyetem\6.felev\önlabor\onlabcpu\cliwrapper\x64\debug\cliwrapper.tlog\link.5228-cvtres.read.1.tlog
f:\egyetem\6.felev\önlabor\onlabcpu\cliwrapper\x64\debug\cliwrapper.tlog\link.5228-cvtres.write.1.tlog
f:\egyetem\6.felev\önlabor\onlabcpu\cliwrapper\x64\debug\cliwrapper.tlog\link.5228.read.1.tlog
f:\egyetem\6.felev\önlabor\onlabcpu\cliwrapper\x64\debug\cliwrapper.tlog\link.5228.write.1.tlog
f:\egyetem\6.felev\önlabor\onlabcpu\cliwrapper\x64\debug\cliwrapper.tlog\link.5228.delete.1.tlog
