f:\egyetem\6.felev\önlabor\onlabcpu\onlabcpu\debug\onlabcpu.pch
f:\egyetem\6.felev\önlabor\onlabcpu\onlabcpu\debug\vc142.pdb
f:\egyetem\6.felev\önlabor\onlabcpu\onlabcpu\debug\vc142.idb
f:\egyetem\6.felev\önlabor\onlabcpu\onlabcpu\debug\pch.obj
f:\egyetem\6.felev\önlabor\onlabcpu\onlabcpu\debug\softmaxlayer.obj
f:\egyetem\6.felev\önlabor\onlabcpu\onlabcpu\debug\onlabcpu.obj
f:\egyetem\6.felev\önlabor\onlabcpu\onlabcpu\debug\matrixop.obj
f:\egyetem\6.felev\önlabor\onlabcpu\onlabcpu\debug\matrices.obj
f:\egyetem\6.felev\önlabor\onlabcpu\onlabcpu\debug\main.obj
f:\egyetem\6.felev\önlabor\onlabcpu\onlabcpu\debug\layer.obj
f:\egyetem\6.felev\önlabor\onlabcpu\onlabcpu\debug\intermediatelayer.obj
f:\egyetem\6.felev\önlabor\onlabcpu\onlabcpu\debug\gpuszorzas.obj
f:\egyetem\6.felev\önlabor\onlabcpu\onlabcpu\debug\fclayer.obj
f:\egyetem\6.felev\önlabor\onlabcpu\onlabcpu\debug\cpuszorzas.obj
f:\egyetem\6.felev\önlabor\onlabcpu\onlabcpu\debug\costs.obj
f:\egyetem\6.felev\önlabor\onlabcpu\onlabcpu\debug\convlayer.obj
f:\egyetem\6.felev\önlabor\onlabcpu\onlabcpu\debug\activations.obj
f:\egyetem\6.felev\önlabor\onlabcpu\debug\onlabcpu.ilk
f:\egyetem\6.felev\önlabor\onlabcpu\debug\onlabcpu.dll
f:\egyetem\6.felev\önlabor\onlabcpu\debug\onlabcpu.pdb
f:\egyetem\6.felev\önlabor\onlabcpu\onlabcpu\debug\onlabcpu.tlog\cl.read.1.tlog
f:\egyetem\6.felev\önlabor\onlabcpu\onlabcpu\debug\onlabcpu.tlog\cl.write.1.tlog
f:\egyetem\6.felev\önlabor\onlabcpu\onlabcpu\debug\onlabcpu.tlog\cl.command.1.tlog
f:\egyetem\6.felev\önlabor\onlabcpu\onlabcpu\debug\onlabcpu.tlog\link.command.1.tlog
f:\egyetem\6.felev\önlabor\onlabcpu\onlabcpu\debug\onlabcpu.tlog\link.read.1.tlog
f:\egyetem\6.felev\önlabor\onlabcpu\onlabcpu\debug\onlabcpu.tlog\link.write.1.tlog
